<?xml version="1.0" encoding="UTF-8"?>
<testsuite xmlns:xsi="http://www.w3.org/2001/XMLSchema-instance" xsi:noNamespaceSchemaLocation="https://maven.apache.org/surefire/maven-surefire-plugin/xsd/surefire-test-report.xsd" version="3.0.2" name="com.rogerio.pedidos.pedidosApplicationTests" time="14.521" tests="1" errors="0" skipped="0" failures="0">
  <properties>
[...]
</properties>
  <testcase name="contextLoads" classname="com.rogerio.pedidos.pedidosApplicationTests" time="0.964">
    <system-out><![CDATA[01:12:26.348 [main] INFO org.springframework.test.context.support.AnnotationConfigContextLoaderUtils -- Could not detect default configuration classes for test class [com.rogerio.pedidos.pedidosApplicationTests]: pedidosApplicationTests does not declare any static, non-private, non-final, nested classes annotated with @Configuration.
01:12:26.716 [main] INFO org.springframework.boot.test.context.SpringBootTestContextBootstrapper -- Found @SpringBootConfiguration com.rogerio.pedidos.PedidosApplication for test class com.rogerio.pedidos.pedidosApplicationTests
01:12:27.497 [main] INFO org.springframework.boot.devtools.restart.RestartApplicationListener -- Restart disabled due to context in which it is running

  .   ____          _            __ _ _
 /\\ / ___'_ __ _ _(_)_ __  __ _ \ \ \ \
( ( )\___ | '_ | '_| | '_ \/ _` | \ \ \ \
 \\/  ___)| |_)| | | | | || (_| |  ) ) ) )
  '  |____| .__|_| |_|_| |_\__, | / / / /
 =========|_|==============|___/=/_/_/_/

 :: Spring Boot ::                (v4.0.1)

2025-12-27T01:12:28.380-03:00  INFO 11588 --- [pedidos] [           main] c.r.pedidos.pedidosApplicationTests      : Starting pedidosApplicationTests using Java 17.0.12 with PID 11588 (started by Rogerio in D:\ROGERIO\SEDI\SISTEMAS\pedidos)
2025-12-27T01:12:28.386-03:00  INFO 11588 --- [pedidos] [           main] c.r.pedidos.pedidosApplicationTests      : No active profile set, falling back to 1 default profile: "default"
2025-12-27T01:12:30.203-03:00  INFO 11588 --- [pedidos] [           main] .s.d.r.c.RepositoryConfigurationDelegate : Bootstrapping Spring Data JPA repositories in DEFAULT mode.
2025-12-27T01:12:30.356-03:00  INFO 11588 --- [pedidos] [           main] .s.d.r.c.RepositoryConfigurationDelegate : Finished Spring Data repository scanning in 127 ms. Found 3 JPA repository interfaces.
2025-12-27T01:12:31.344-03:00  INFO 11588 --- [pedidos] [           main] org.hibernate.orm.jpa                    : HHH008540: Processing PersistenceUnitInfo [name: default]
2025-12-27T01:12:31.588-03:00  INFO 11588 --- [pedidos] [           main] org.hibernate.orm.core                   : HHH000001: Hibernate ORM core version 7.2.0.Final
2025-12-27T01:12:33.233-03:00  INFO 11588 --- [pedidos] [           main] o.s.o.j.p.SpringPersistenceUnitInfo      : No LoadTimeWeaver setup: ignoring JPA class transformer
2025-12-27T01:12:33.331-03:00  INFO 11588 --- [pedidos] [           main] com.zaxxer.hikari.HikariDataSource       : HikariPool-1 - Starting...
2025-12-27T01:12:33.734-03:00  INFO 11588 --- [pedidos] [           main] com.zaxxer.hikari.pool.HikariPool        : HikariPool-1 - Added connection conn0: url=jdbc:h2:mem:testdb user=SA
2025-12-27T01:12:33.739-03:00  INFO 11588 --- [pedidos] [           main] com.zaxxer.hikari.HikariDataSource       : HikariPool-1 - Start completed.
2025-12-27T01:12:33.827-03:00  WARN 11588 --- [pedidos] [           main] org.hibernate.orm.deprecation            : HHH90000025: H2Dialect does not need to be specified explicitly using 'hibernate.dialect' (remove the property setting and it will be selected by default)
2025-12-27T01:12:33.897-03:00  INFO 11588 --- [pedidos] [           main] org.hibernate.orm.connections.pooling    : HHH10001005: Database info:
	Database JDBC URL [jdbc:h2:mem:testdb]
	Database driver: H2 JDBC Driver
	Database dialect: H2Dialect
	Database version: 2.4.240
	Default catalog/schema: TESTDB/PUBLIC
	Autocommit mode: undefined/unknown
	Isolation level: READ_COMMITTED [default READ_COMMITTED]
	JDBC fetch size: 100
	Pool: DataSourceConnectionProvider
	Minimum pool size: undefined/unknown
	Maximum pool size: undefined/unknown
2025-12-27T01:12:36.846-03:00  INFO 11588 --- [pedidos] [           main] org.hibernate.orm.core                   : HHH000489: No JTA platform available (set 'hibernate.transaction.jta.platform' to enable JTA platform integration)
Hibernate: create table order_products (order_id bigint not null, product_id bigint not null)
Hibernate: create table tb_orders (id bigint generated by default as identity, order_date timestamp(6), user_id bigint not null, primary key (id))
Hibernate: create table tb_products (id bigint generated by default as identity, name varchar(255), price float(53), primary key (id))
Hibernate: create table tb_users (id bigint generated by default as identity, email varchar(255), name varchar(255), primary key (id))
Hibernate: alter table if exists order_products add constraint FKk476tu6cahh5j7nrijoie7grs foreign key (product_id) references tb_products
Hibernate: alter table if exists order_products add constraint FKd1f2l2fj49yhd1a8u5osjoo3a foreign key (order_id) references tb_orders
Hibernate: alter table if exists tb_orders add constraint FKgprqgp552scklsm3rk6uyvh foreign key (user_id) references tb_users
2025-12-27T01:12:37.001-03:00  INFO 11588 --- [pedidos] [           main] j.LocalContainerEntityManagerFactoryBean : Initialized JPA EntityManagerFactory for persistence unit 'default'
2025-12-27T01:12:37.249-03:00  INFO 11588 --- [pedidos] [           main] o.s.d.j.r.query.QueryEnhancerFactories   : Hibernate is in classpath; If applicable, HQL parser will be used.
2025-12-27T01:12:37.905-03:00  WARN 11588 --- [pedidos] [           main] JpaBaseConfiguration$JpaWebConfiguration : spring.jpa.open-in-view is enabled by default. Therefore, database queries may be performed during view rendering. Explicitly configure spring.jpa.open-in-view to disable this warning
2025-12-27T01:12:39.189-03:00  INFO 11588 --- [pedidos] [           main] c.r.pedidos.pedidosApplicationTests      : Started pedidosApplicationTests in 11.753 seconds (process running for 16.042)
]]></system-out>
  </testcase>
</testsuite>